Analysis initiated from SIMULIA established products
Abaqus JOB tube
Abaqus 3DEXPERIENCE R2017x
Abaqus License Manager checked out the following licenses:
Abaqus/Standard checked out 7 tokens from Flexnet server serveur-nt-sms.emse.fr.
<138 out of 150 licenses remain available>.
Begin Compiling Abaqus/Standard User Subroutines
Wed Feb 21 17:52:06 2018
Intel(R) Fortran Intel(R) 64 Compiler for applications running on Intel(R) 64, Version 17.0.4.196 Build 20170411
Copyright (C) 1985-2017 Intel Corporation.  All rights reserved.

 Intel(R) Fortran 17.0-1694
End Compiling Abaqus/Standard User Subroutines
Begin Linking Abaqus/Standard User Subroutines
Intel(R) Fortran Intel(R) 64 Compiler for applications running on Intel(R) 64, Version 17.0.4.196 Build 20170411
Copyright (C) 1985-2017 Intel Corporation.  All rights reserved.

GNU ld (GNU Binutils for Ubuntu) 2.26.1
End Linking Abaqus/Standard User Subroutines
Wed Feb 21 17:52:08 2018
Begin Analysis Input File Processor
Wed Feb 21 17:52:08 2018
Run pre
Wed Feb 21 17:52:09 2018
End Analysis Input File Processor
Begin Abaqus/Standard Analysis
Wed Feb 21 17:52:09 2018
Run standard
 ======================================
 avrdisp=  2.876202914680442E-006
 avrdisp/thickness%=  0.143810138903407     
 Total Volume=  1.501840676623696E-005
   
 Stresses in three directions
 S11=  -4853.28912318464     
 S22=   115049.465094684     
 S33=   88502.7741568527     
 ======================================
Wed Feb 21 17:52:19 2018
End Abaqus/Standard Analysis
Begin MFS->SFS and SIM cleanup
Wed Feb 21 17:52:19 2018
Run SMASimUtility
Wed Feb 21 17:52:19 2018
End MFS->SFS and SIM cleanup
Abaqus JOB tube COMPLETED
